<?xml version="1.0" encoding="UTF-8"?>
<!-- Generated by org.testng.reporters.JUnitXMLReporter -->
<testsuite ignored="0" hostname="LAPTOP-1S9JIMTU" failures="0" tests="4" name="Test" time="0.077" errors="0" timestamp="2022-11-21T19:31:56 IST">
  <testcase classname="testscripts.Testcase3" name="tc3" time="0.012"/>
  <testcase classname="testscripts.Testcase2" name="tc2" time="0.001"/>
  <testcase classname="testscripts.Testcase4" name="tc4" time="0.002"/>
  <testcase classname="testscripts.Teatcase1" name="ts1" time="0.001"/>
</testsuite> <!-- Test -->
